<?xml version="1.0" encoding="UTF-8"?>
<!-- Generated by org.testng.reporters.JUnitReportReporter -->
<testsuite hostname="DELL" name="com.spp.scripts.LoginAdmin" tests="1" failures="0" timestamp="22 Jan 2018 07:36:07 GMT" time="0.835" errors="0">
  <testcase name="loginAdmin" time="0.835" classname="com.spp.scripts.LoginAdmin"/>
</testsuite> <!-- com.spp.scripts.LoginAdmin -->
