<?xml version="1.0" encoding="UTF-8"?>
<!-- Generated by org.testng.reporters.JUnitReportReporter -->
<testsuite hostname="admin-PC" name="com.spp.scripts.LeaveDefinitions" tests="1" failures="0" timestamp="22 Mar 2018 12:20:24 GMT" time="22.795" errors="0">
  <testcase name="verifyUpdatedLeaveDefinitions" time="22.795" classname="com.spp.scripts.LeaveDefinitions"/>
</testsuite> <!-- com.spp.scripts.LeaveDefinitions -->
