<?xml version="1.0" encoding="UTF-8"?>
<!-- Generated by org.testng.reporters.JUnitReportReporter -->
<testsuite hostname="WIN-9MAS3FGPK4U" name="com.spp.scripts.Bonus" tests="1" failures="0" timestamp="22 Feb 2019 09:56:11 GMT" time="23.612" errors="0">
  <testcase name="AddNewBonusDefinition_SC_638" time="23.612" classname="com.spp.scripts.Bonus"/>
</testsuite> <!-- com.spp.scripts.Bonus -->
