<?xml version="1.0" encoding="UTF-8"?>
<!-- Generated by org.testng.reporters.JUnitReportReporter -->
<testsuite hostname="DELL" name="com.spp.scripts.VerifySuperUserLogin" tests="1" failures="0" timestamp="19 Jan 2018 11:09:44 GMT" time="7.749" errors="0">
  <testcase name="verifyLogin" time="7.749" classname="com.spp.scripts.VerifySuperUserLogin"/>
</testsuite> <!-- com.spp.scripts.VerifySuperUserLogin -->
