<?xml version="1.0" encoding="UTF-8"?>
<!-- Generated by org.testng.reporters.JUnitReportReporter -->
<testsuite hostname="admin-PC" name="com.spp.scripts.AdvanceMaster" tests="1" failures="0" timestamp="16 Apr 2018 13:49:00 GMT" time="21.936" errors="0">
  <testcase name="CheckAdvanceMasterCreatedWithoutClubbedInSalary_SC_345" time="21.936" classname="com.spp.scripts.AdvanceMaster"/>
</testsuite> <!-- com.spp.scripts.AdvanceMaster -->
