<?xml version="1.0" encoding="UTF-8"?>
<!-- Generated by org.testng.reporters.JUnitReportReporter -->
<testsuite hostname="admin-PC" name="com.spp.scripts.AttendanceConfigurations" tests="1" failures="0" timestamp="23 Jun 2018 06:52:59 GMT" time="16.861" errors="0">
  <testcase name="CheckAttendanceConfigforOnlyWorkingDaysandWeeklyHoliday_SC_449" time="16.861" classname="com.spp.scripts.AttendanceConfigurations"/>
</testsuite> <!-- com.spp.scripts.AttendanceConfigurations -->
