<?xml version="1.0" encoding="UTF-8"?>
<!-- Generated by org.testng.reporters.JUnitReportReporter -->
<testsuite hostname="DELL" name="com.spp.scripts.FinancialInstitution" tests="4" failures="0" timestamp="7 Mar 2018 09:27:28 GMT" time="56.119" errors="0">
  <testcase name="verifyUpdatedFinancialInsritution" time="15.141" classname="com.spp.scripts.FinancialInstitution"/>
  <testcase name="verifyGetListedFinancialInstitution" time="12.989" classname="com.spp.scripts.FinancialInstitution"/>
  <testcase name="verifyCreatedFinancialInstitutions" time="15.389" classname="com.spp.scripts.FinancialInstitution"/>
  <testcase name="verifyDeletedFinancialInstitution" time="12.600" classname="com.spp.scripts.FinancialInstitution"/>
</testsuite> <!-- com.spp.scripts.FinancialInstitution -->
