<?xml version="1.0" encoding="UTF-8"?>
<!-- Generated by org.testng.reporters.JUnitReportReporter -->
<testsuite skipped="0" hostname="B590" name="com.spp.scripts.ReimbursementMaster" tests="1" failures="0" timestamp="2019-09-26T15:19:55 IST" time="24.724" errors="0">
  <testcase name="UpdateReimbursementMstrwithConsiderClaimAmtOnPayDays_SC_443" time="24.724" classname="com.spp.scripts.ReimbursementMaster"/>
</testsuite> <!-- com.spp.scripts.ReimbursementMaster -->
