<?xml version="1.0" encoding="UTF-8"?>
<!-- Generated by org.testng.reporters.JUnitReportReporter -->
<testsuite hostname="DELL" name="com.spp.scripts.MasterWeeklyHoliday" tests="3" failures="0" timestamp="7 Mar 2018 07:14:38 GMT" time="42.554" errors="0">
  <testcase name="verifyUpdatedMasterWeeklyHoliday" time="13.854" classname="com.spp.scripts.MasterWeeklyHoliday"/>
  <testcase name="verifyCreatedMasterWeeklyHoliday" time="14.865" classname="com.spp.scripts.MasterWeeklyHoliday"/>
  <testcase name="verifyDeletedWeeklyHoliday" time="13.835" classname="com.spp.scripts.MasterWeeklyHoliday"/>
</testsuite> <!-- com.spp.scripts.MasterWeeklyHoliday -->
