<?xml version="1.0" encoding="UTF-8"?>
<!-- Generated by org.testng.reporters.JUnitReportReporter -->
<testsuite hostname="DELL" name="com.spp.scripts.States" tests="3" failures="0" timestamp="7 Mar 2018 08:39:47 GMT" time="36.437" errors="0">
  <testcase name="verifyCreatedState" time="12.081" classname="com.spp.scripts.States"/>
  <testcase name="verifyUpdatedState" time="12.056" classname="com.spp.scripts.States"/>
  <testcase name="verifyDeletedState" time="12.300" classname="com.spp.scripts.States"/>
</testsuite> <!-- com.spp.scripts.States -->
