<?xml version="1.0" encoding="UTF-8"?>
<!-- Generated by org.testng.reporters.JUnitReportReporter -->
<testsuite hostname="DELL" name="com.spp.scripts.StandingInstructionTestCase" tests="15" failures="0" timestamp="7 Mar 2018 06:04:49 GMT" time="258.184" errors="0">
  <testcase name="verifyCreatedAdvanceMaster" time="18.158" classname="com.spp.scripts.StandingInstructionTestCase"/>
  <testcase name="verifyAddedPeriodicIncentive" time="17.614" classname="com.spp.scripts.StandingInstructionTestCase"/>
  <testcase name="verifyUpdatedAdvanceMaster" time="14.623" classname="com.spp.scripts.StandingInstructionTestCase"/>
  <testcase name="verifyDeletedInsuranceMaster" time="17.373" classname="com.spp.scripts.StandingInstructionTestCase"/>
  <testcase name="verifyDeletedAdvanceMaster" time="16.707" classname="com.spp.scripts.StandingInstructionTestCase"/>
  <testcase name="verifyUpdatedInsuranceMaster" time="17.877" classname="com.spp.scripts.StandingInstructionTestCase"/>
  <testcase name="verifyUpdatedLoanMaster" time="19.732" classname="com.spp.scripts.StandingInstructionTestCase"/>
  <testcase name="verifyCreatedGroupInsurance" time="17.881" classname="com.spp.scripts.StandingInstructionTestCase"/>
  <testcase name="verifyDeletedGroupInsurance" time="11.714" classname="com.spp.scripts.StandingInstructionTestCase"/>
  <testcase name="verifyDeletedPeriodicIncetive" time="17.551" classname="com.spp.scripts.StandingInstructionTestCase"/>
  <testcase name="verifyCreatedInssuranceMaster" time="17.542" classname="com.spp.scripts.StandingInstructionTestCase"/>
  <testcase name="verifyDeletedLoanMaster" time="16.816" classname="com.spp.scripts.StandingInstructionTestCase"/>
  <testcase name="verifyUpdatedGroupInsurance" time="17.709" classname="com.spp.scripts.StandingInstructionTestCase"/>
  <testcase name="verifyCreatedLoanMaster" time="18.186" classname="com.spp.scripts.StandingInstructionTestCase"/>
  <testcase name="verifyUpdatedPeriodicIncetive" time="18.701" classname="com.spp.scripts.StandingInstructionTestCase"/>
</testsuite> <!-- com.spp.scripts.StandingInstructionTestCase -->
