<?xml version="1.0" encoding="UTF-8"?>
<!-- Generated by org.testng.reporters.JUnitReportReporter -->
<testsuite hostname="WIN-9MAS3FGPK4U" name="com.spp.scripts.FormulaEditor" tests="1" failures="0" timestamp="15 Mar 2019 07:06:35 GMT" time="22.376" errors="0">
  <testcase name="verifyCreatedFormule_SC_74" time="22.376" classname="com.spp.scripts.FormulaEditor"/>
</testsuite> <!-- com.spp.scripts.FormulaEditor -->
