<?xml version="1.0" encoding="UTF-8"?>
<!-- Generated by org.testng.reporters.JUnitReportReporter -->
<testsuite hostname="WIN-9MAS3FGPK4U" name="com.spp.scripts.SalaryHeadTestcase" tests="7" failures="0" timestamp="8 Mar 2019 15:13:33 GMT" time="225.699" errors="0">
  <testcase name="verifyEditedSalaryHead_SC_2" time="22.177" classname="com.spp.scripts.SalaryHeadTestcase"/>
  <testcase name="CheckOpenComponentCalculativeFieldDeductionField_SC_427" time="35.191" classname="com.spp.scripts.SalaryHeadTestcase"/>
  <testcase name="SalaryHeadExcelUpload_SC_4" time="48.132" classname="com.spp.scripts.SalaryHeadTestcase"/>
  <testcase name="CheckOpenComponentAndCalculativeField_SC_231" time="32.447" classname="com.spp.scripts.SalaryHeadTestcase"/>
  <testcase name="CheckAddingSalaryHeadIsAnEarningOrDeductionhead_SC_230" time="45.990" classname="com.spp.scripts.SalaryHeadTestcase"/>
  <testcase name="verifycreatedSalaryHead_SC_1" time="27.863" classname="com.spp.scripts.SalaryHeadTestcase"/>
  <testcase name="verifyDeletedSalaryHead_SC_3" time="13.899" classname="com.spp.scripts.SalaryHeadTestcase"/>
</testsuite> <!-- com.spp.scripts.SalaryHeadTestcase -->
