<?xml version="1.0" encoding="UTF-8"?>
<!-- Generated by org.testng.reporters.JUnitReportReporter -->
<testsuite hostname="DELL" name="com.spp.scripts.HolidayList" tests="3" failures="0" timestamp="7 Mar 2018 07:09:32 GMT" time="46.480" errors="0">
  <testcase name="verifyCreatedHoliday" time="16.221" classname="com.spp.scripts.HolidayList"/>
  <testcase name="verifyDeletedHolidayList" time="13.507" classname="com.spp.scripts.HolidayList"/>
  <testcase name="verifyUpdatedHolidayList" time="16.752" classname="com.spp.scripts.HolidayList"/>
</testsuite> <!-- com.spp.scripts.HolidayList -->
